<?xml version="1.0" encoding="UTF-8"?>
<!-- Generated by org.testng.reporters.JUnitXMLReporter -->
<testsuite hostname="D-113065398" ignored="2" name="opencartdemo" tests="3" failures="1" timestamp="27 Feb 2018 14:30:39 GMT" time="78.327" errors="0">
  <testcase name="@AfterMethod getResult" time="0.0" classname="pageoperations.ExtentReportsClass">
    <failure type="java.lang.NullPointerException">
      <![CDATA[java.lang.NullPointerException
	at com.relevantcodes.extentreports.ExtentReports.endTest(ExtentReports.java:424)
	at pageoperations.ExtentReportsClass.getResult(ExtentReportsClass.java:58)
	at java.util.concurrent.ThreadPoolExecutor.runWorker(ThreadPoolExecutor.java:1142)
	at java.util.concurrent.ThreadPoolExecutor$Worker.run(ThreadPoolExecutor.java:617)
	at java.lang.Thread.run(Thread.java:745)
... Removed 12 stack frames]]>
    </failure>
  </testcase> <!-- @AfterMethod getResult -->
  <testcase name="@AfterClass closingbrowser" time="0.0" classname="com.opencart.tests.OrderHistory">
    <skipped/>
  </testcase> <!-- @AfterClass closingbrowser -->
  <testcase name="@AfterMethod getResult" time="0.0" classname="pageoperations.ExtentReportsClass">
    <skipped/>
  </testcase> <!-- @AfterMethod getResult -->
  <testcase name="@AfterMethod getResult" time="0.0" classname="pageoperations.ExtentReportsClass">
    <skipped/>
  </testcase> <!-- @AfterMethod getResult -->
  <testcase name="@AfterClass closingbrowser" time="0.0" classname="com.opencart.tests.OpencartDemo">
    <skipped/>
  </testcase> <!-- @AfterClass closingbrowser -->
  <testcase name="Orderhistory" time="0.125" classname="com.opencart.tests.OrderHistory">
    <failure type="java.lang.NullPointerException">
      <![CDATA[java.lang.NullPointerException
	at com.opencart.tests.OrderHistory.Orderhistory(OrderHistory.java:65)
	at java.util.concurrent.ThreadPoolExecutor.runWorker(ThreadPoolExecutor.java:1142)
	at java.util.concurrent.ThreadPoolExecutor$Worker.run(ThreadPoolExecutor.java:617)
	at java.lang.Thread.run(Thread.java:745)
... Removed 10 stack frames]]>
    </failure>
  </testcase> <!-- Orderhistory -->
  <testcase name="addingPhonestocart" time="0.002" classname="com.opencart.tests.OpencartDemo">
    <skipped/>
  </testcase> <!-- addingPhonestocart -->
  <testcase name="productcomparison" time="0.003" classname="com.opencart.tests.OpencartDemo">
    <skipped/>
  </testcase> <!-- productcomparison -->
  <testcase name="@AfterSuite endReport" time="0.0" classname="pageoperations.ExtentReportsClass">
    <ignored/>
  </testcase> <!-- @AfterSuite endReport -->
  <testcase name="@BeforeSuite startReport" time="0.0" classname="pageoperations.ExtentReportsClass">
    <ignored/>
  </testcase> <!-- @BeforeSuite startReport -->
</testsuite> <!-- opencartdemo -->
